# JRE version: OpenJDK Runtime Environment (8.0_152) (build 1.8.0_152-release-1343-b16-5323222)
# Java VM: OpenJDK 64-Bit Server VM (25.152-b16-5323222 mixed mode linux-amd64 compressed oops)
Heap:
 PSYoungGen      total 428032K, used 24361K [0x00000000e0000000, 0x00000000fde00000, 0x0000000100000000)
  eden space 381440K, 0% used [0x00000000e0000000,0x00000000e0000000,0x00000000f7480000)
  from space 46592K, 52% used [0x00000000f7480000,0x00000000f8c4a7b0,0x00000000fa200000)
  to   space 41472K, 0% used [0x00000000fa200000,0x00000000fa200000,0x00000000fca80000)
 ParOldGen       total 164352K, used 83893K [0x00000000a0000000, 0x00000000aa080000, 0x00000000e0000000)
  object space 164352K, 51% used [0x00000000a0000000,0x00000000a51ed6e0,0x00000000aa080000)
 Metaspace       used 80495K, capacity 83100K, committed 83480K, reserved 1122304K
  class space    used 10385K, capacity 10933K, committed 11040K, reserved 1048576K
GC Heap History (10 events):
Event: 22.848 GC heap after
Heap after GC invocations=24 (full 4):
 PSYoungGen      total 319488K, used 19415K [0x00000000e0000000, 0x00000000f5c80000, 0x0000000100000000)
  eden space 283136K, 0% used [0x00000000e0000000,0x00000000e0000000,0x00000000f1480000)
  from space 36352K, 53% used [0x00000000f3900000,0x00000000f4bf5c48,0x00000000f5c80000)
  to   space 36864K, 0% used [0x00000000f1480000,0x00000000f1480000,0x00000000f3880000)
 ParOldGen       total 164352K, used 71748K [0x00000000a0000000, 0x00000000aa080000, 0x00000000e0000000)
  object space 164352K, 43% used [0x00000000a0000000,0x00000000a4611208,0x00000000aa080000)
 Metaspace       used 79955K, capacity 82568K, committed 82968K, reserved 1122304K
  class space    used 10380K, capacity 10931K, committed 11040K, reserved 1048576K
}
Event: 23.821 GC heap before
{Heap before GC invocations=25 (full 4):
 PSYoungGen      total 319488K, used 302551K [0x00000000e0000000, 0x00000000f5c80000, 0x0000000100000000)
  eden space 283136K, 100% used [0x00000000e0000000,0x00000000f1480000,0x00000000f1480000)
  from space 36352K, 53% used [0x00000000f3900000,0x00000000f4bf5c48,0x00000000f5c80000)
  to   space 36864K, 0% used [0x00000000f1480000,0x00000000f1480000,0x00000000f3880000)
 ParOldGen       total 164352K, used 71748K [0x00000000a0000000, 0x00000000aa080000, 0x00000000e0000000)
  object space 164352K, 43% used [0x00000000a0000000,0x00000000a4611208,0x00000000aa080000)
 Metaspace       used 80145K, capacity 82742K, committed 82968K, reserved 1122304K
  class space    used 10380K, capacity 10932K, committed 11040K, reserved 1048576K
Event: 23.845 GC heap after
Heap after GC invocations=25 (full 4):
 PSYoungGen      total 320000K, used 22423K [0x00000000e0000000, 0x00000000f8980000, 0x0000000100000000)
  eden space 283136K, 0% used [0x00000000e0000000,0x00000000e0000000,0x00000000f1480000)
  from space 36864K, 60% used [0x00000000f1480000,0x00000000f2a65ec8,0x00000000f3880000)
  to   space 37376K, 0% used [0x00000000f6500000,0x00000000f6500000,0x00000000f8980000)
 ParOldGen       total 164352K, used 71748K [0x00000000a0000000, 0x00000000aa080000, 0x00000000e0000000)
  object space 164352K, 43% used [0x00000000a0000000,0x00000000a4611208,0x00000000aa080000)
 Metaspace       used 80145K, capacity 82742K, committed 82968K, reserved 1122304K
  class space    used 10380K, capacity 10932K, committed 11040K, reserved 1048576K
}
Event: 24.645 GC heap before
{Heap before GC invocations=26 (full 4):
 PSYoungGen      total 320000K, used 305559K [0x00000000e0000000, 0x00000000f8980000, 0x0000000100000000)
  eden space 283136K, 100% used [0x00000000e0000000,0x00000000f1480000,0x00000000f1480000)
  from space 36864K, 60% used [0x00000000f1480000,0x00000000f2a65ec8,0x00000000f3880000)
  to   space 37376K, 0% used [0x00000000f6500000,0x00000000f6500000,0x00000000f8980000)
 ParOldGen       total 164352K, used 71748K [0x00000000a0000000, 0x00000000aa080000, 0x00000000e0000000)
  object space 164352K, 43% used [0x00000000a0000000,0x00000000a4611208,0x00000000aa080000)
 Metaspace       used 80312K, capacity 82954K, committed 83224K, reserved 1122304K
  class space    used 10381K, capacity 10932K, committed 11040K, reserved 1048576K
Event: 24.678 GC heap after
Heap after GC invocations=26 (full 4):
 PSYoungGen      total 364032K, used 26769K [0x00000000e0000000, 0x00000000f9000000, 0x0000000100000000)
  eden space 326656K, 0% used [0x00000000e0000000,0x00000000e0000000,0x00000000f3f00000)
  from space 37376K, 71% used [0x00000000f6500000,0x00000000f7f245e8,0x00000000f8980000)
  to   space 38912K, 0% used [0x00000000f3f00000,0x00000000f3f00000,0x00000000f6500000)
 ParOldGen       total 164352K, used 71756K [0x00000000a0000000, 0x00000000aa080000, 0x00000000e0000000)
  object space 164352K, 43% used [0x00000000a0000000,0x00000000a4613208,0x00000000aa080000)
 Metaspace       used 80312K, capacity 82954K, committed 83224K, reserved 1122304K
  class space    used 10381K, capacity 10932K, committed 11040K, reserved 1048576K
}
Event: 25.422 GC heap before
{Heap before GC invocations=27 (full 4):
 PSYoungGen      total 364032K, used 353425K [0x00000000e0000000, 0x00000000f9000000, 0x0000000100000000)
  eden space 326656K, 100% used [0x00000000e0000000,0x00000000f3f00000,0x00000000f3f00000)
  from space 37376K, 71% used [0x00000000f6500000,0x00000000f7f245e8,0x00000000f8980000)
  to   space 38912K, 0% used [0x00000000f3f00000,0x00000000f3f00000,0x00000000f6500000)
 ParOldGen       total 164352K, used 71756K [0x00000000a0000000, 0x00000000aa080000, 0x00000000e0000000)
  object space 164352K, 43% used [0x00000000a0000000,0x00000000a4613208,0x00000000aa080000)
 Metaspace       used 80361K, capacity 82958K, committed 83224K, reserved 1122304K
  class space    used 10381K, capacity 10932K, committed 11040K, reserved 1048576K
Event: 25.456 GC heap after
Heap after GC invocations=27 (full 4):
 PSYoungGen      total 365568K, used 29769K [0x00000000e0000000, 0x00000000fca80000, 0x0000000100000000)
  eden space 326656K, 0% used [0x00000000e0000000,0x00000000e0000000,0x00000000f3f00000)
  from space 38912K, 76% used [0x00000000f3f00000,0x00000000f5c12420,0x00000000f6500000)
  to   space 41472K, 0% used [0x00000000fa200000,0x00000000fa200000,0x00000000fca80000)
 ParOldGen       total 164352K, used 71756K [0x00000000a0000000, 0x00000000aa080000, 0x00000000e0000000)
  object space 164352K, 43% used [0x00000000a0000000,0x00000000a4613208,0x00000000aa080000)
 Metaspace       used 80361K, capacity 82958K, committed 83224K, reserved 1122304K
  class space    used 10381K, capacity 10932K, committed 11040K, reserved 1048576K
}
Event: 26.272 GC heap before
{Heap before GC invocations=28 (full 4):
 PSYoungGen      total 365568K, used 356425K [0x00000000e0000000, 0x00000000fca80000, 0x0000000100000000)
  eden space 326656K, 100% used [0x00000000e0000000,0x00000000f3f00000,0x00000000f3f00000)
  from space 38912K, 76% used [0x00000000f3f00000,0x00000000f5c12420,0x00000000f6500000)
  to   space 41472K, 0% used [0x00000000fa200000,0x00000000fa200000,0x00000000fca80000)
 ParOldGen       total 164352K, used 71756K [0x00000000a0000000, 0x00000000aa080000, 0x00000000e0000000)
  object space 164352K, 43% used [0x00000000a0000000,0x00000000a4613208,0x00000000aa080000)
 Metaspace       used 80414K, capacity 83030K, committed 83224K, reserved 1122304K
  class space    used 10381K, capacity 10932K, committed 11040K, reserved 1048576K
Event: 26.340 GC heap after
Heap after GC invocations=28 (full 4):
 PSYoungGen      total 422912K, used 38497K [0x00000000e0000000, 0x00000000fde00000, 0x0000000100000000)
  eden space 381440K, 0% used [0x00000000e0000000,0x00000000e0000000,0x00000000f7480000)
  from space 41472K, 92% used [0x00000000fa200000,0x00000000fc798660,0x00000000fca80000)
  to   space 46592K, 0% used [0x00000000f7480000,0x00000000f7480000,0x00000000fa200000)
 ParOldGen       total 164352K, used 71756K [0x00000000a0000000, 0x00000000aa080000, 0x00000000e0000000)
  object space 164352K, 43% used [0x00000000a0000000,0x00000000a4613208,0x00000000aa080000)
 Metaspace       used 80414K, capacity 83030K, committed 83224K, reserved 1122304K
  class space    used 10381K, capacity 10932K, committed 11040K, reserved 1048576K
}
Event: 27.847 GC heap before
{Heap before GC invocations=29 (full 4):
 PSYoungGen      total 422912K, used 419937K [0x00000000e0000000, 0x00000000fde00000, 0x0000000100000000)
  eden space 381440K, 100% used [0x00000000e0000000,0x00000000f7480000,0x00000000f7480000)
  from space 41472K, 92% used [0x00000000fa200000,0x00000000fc798660,0x00000000fca80000)
  to   space 46592K, 0% used [0x00000000f7480000,0x00000000f7480000,0x00000000fa200000)
 ParOldGen       total 164352K, used 71756K [0x00000000a0000000, 0x00000000aa080000, 0x00000000e0000000)
  object space 164352K, 43% used [0x00000000a0000000,0x00000000a4613208,0x00000000aa080000)
 Metaspace       used 80495K, capacity 83100K, committed 83480K, reserved 1122304K
  class space    used 10385K, capacity 10933K, committed 11040K, reserved 1048576K

