# JRE version: OpenJDK Runtime Environment (8.0_152) (build 1.8.0_152-release-1343-b16-5323222)
# Java VM: OpenJDK 64-Bit Server VM (25.152-b16-5323222 mixed mode linux-amd64 compressed oops)
Heap:
 PSYoungGen      total 404992K, used 33408K [0x00000000e0000000, 0x00000000fc300000, 0x0000000100000000)
  eden space 361984K, 0% used [0x00000000e0000000,0x00000000e0000000,0x00000000f6180000)
  from space 43008K, 77% used [0x00000000f6180000,0x00000000f8220070,0x00000000f8b80000)
  to   space 38400K, 0% used [0x00000000f8b80000,0x00000000f8b80000,0x00000000fb100000)
 ParOldGen       total 159232K, used 87221K [0x00000000a0000000, 0x00000000a9b80000, 0x00000000e0000000)
  object space 159232K, 54% used [0x00000000a0000000,0x00000000a552d7d0,0x00000000a9b80000)
 Metaspace       used 71632K, capacity 74334K, committed 74520K, reserved 1114112K
  class space    used 9475K, capacity 9982K, committed 10016K, reserved 1048576K
GC Heap History (10 events):
Event: 16.445 GC heap after
Heap after GC invocations=22 (full 4):
 PSYoungGen      total 293888K, used 15763K [0x00000000e0000000, 0x00000000f4100000, 0x0000000100000000)
  eden space 265216K, 0% used [0x00000000e0000000,0x00000000e0000000,0x00000000f0300000)
  from space 28672K, 54% used [0x00000000f2500000,0x00000000f3464e90,0x00000000f4100000)
  to   space 31744K, 0% used [0x00000000f0300000,0x00000000f0300000,0x00000000f2200000)
 ParOldGen       total 159232K, used 79432K [0x00000000a0000000, 0x00000000a9b80000, 0x00000000e0000000)
  object space 159232K, 49% used [0x00000000a0000000,0x00000000a4d92040,0x00000000a9b80000)
 Metaspace       used 71242K, capacity 73880K, committed 74008K, reserved 1114112K
  class space    used 9466K, capacity 9979K, committed 10016K, reserved 1048576K
}
Event: 17.278 GC heap before
{Heap before GC invocations=23 (full 4):
 PSYoungGen      total 293888K, used 280979K [0x00000000e0000000, 0x00000000f4100000, 0x0000000100000000)
  eden space 265216K, 100% used [0x00000000e0000000,0x00000000f0300000,0x00000000f0300000)
  from space 28672K, 54% used [0x00000000f2500000,0x00000000f3464e90,0x00000000f4100000)
  to   space 31744K, 0% used [0x00000000f0300000,0x00000000f0300000,0x00000000f2200000)
 ParOldGen       total 159232K, used 79432K [0x00000000a0000000, 0x00000000a9b80000, 0x00000000e0000000)
  object space 159232K, 49% used [0x00000000a0000000,0x00000000a4d92040,0x00000000a9b80000)
 Metaspace       used 71411K, capacity 74114K, committed 74264K, reserved 1114112K
  class space    used 9467K, capacity 9980K, committed 10016K, reserved 1048576K
Event: 17.331 GC heap after
Heap after GC invocations=23 (full 4):
 PSYoungGen      total 296960K, used 20579K [0x00000000e0000000, 0x00000000f6d80000, 0x0000000100000000)
  eden space 265216K, 0% used [0x00000000e0000000,0x00000000e0000000,0x00000000f0300000)
  from space 31744K, 64% used [0x00000000f0300000,0x00000000f1718ea0,0x00000000f2200000)
  to   space 32256K, 0% used [0x00000000f4e00000,0x00000000f4e00000,0x00000000f6d80000)
 ParOldGen       total 159232K, used 79440K [0x00000000a0000000, 0x00000000a9b80000, 0x00000000e0000000)
  object space 159232K, 49% used [0x00000000a0000000,0x00000000a4d94040,0x00000000a9b80000)
 Metaspace       used 71411K, capacity 74114K, committed 74264K, reserved 1114112K
  class space    used 9467K, capacity 9980K, committed 10016K, reserved 1048576K
}
Event: 18.145 GC heap before
{Heap before GC invocations=24 (full 4):
 PSYoungGen      total 296960K, used 285795K [0x00000000e0000000, 0x00000000f6d80000, 0x0000000100000000)
  eden space 265216K, 100% used [0x00000000e0000000,0x00000000f0300000,0x00000000f0300000)
  from space 31744K, 64% used [0x00000000f0300000,0x00000000f1718ea0,0x00000000f2200000)
  to   space 32256K, 0% used [0x00000000f4e00000,0x00000000f4e00000,0x00000000f6d80000)
 ParOldGen       total 159232K, used 79440K [0x00000000a0000000, 0x00000000a9b80000, 0x00000000e0000000)
  object space 159232K, 49% used [0x00000000a0000000,0x00000000a4d94040,0x00000000a9b80000)
 Metaspace       used 71482K, capacity 74178K, committed 74264K, reserved 1114112K
  class space    used 9467K, capacity 9980K, committed 10016K, reserved 1048576K
Event: 18.194 GC heap after
Heap after GC invocations=24 (full 4):
 PSYoungGen      total 339968K, used 24535K [0x00000000e0000000, 0x00000000f7400000, 0x0000000100000000)
  eden space 307712K, 0% used [0x00000000e0000000,0x00000000e0000000,0x00000000f2c80000)
  from space 32256K, 76% used [0x00000000f4e00000,0x00000000f65f5fb0,0x00000000f6d80000)
  to   space 34304K, 0% used [0x00000000f2c80000,0x00000000f2c80000,0x00000000f4e00000)
 ParOldGen       total 159232K, used 79440K [0x00000000a0000000, 0x00000000a9b80000, 0x00000000e0000000)
  object space 159232K, 49% used [0x00000000a0000000,0x00000000a4d94040,0x00000000a9b80000)
 Metaspace       used 71482K, capacity 74178K, committed 74264K, reserved 1114112K
  class space    used 9467K, capacity 9980K, committed 10016K, reserved 1048576K
}
Event: 18.971 GC heap before
{Heap before GC invocations=25 (full 4):
 PSYoungGen      total 339968K, used 332247K [0x00000000e0000000, 0x00000000f7400000, 0x0000000100000000)
  eden space 307712K, 100% used [0x00000000e0000000,0x00000000f2c80000,0x00000000f2c80000)
  from space 32256K, 76% used [0x00000000f4e00000,0x00000000f65f5fb0,0x00000000f6d80000)
  to   space 34304K, 0% used [0x00000000f2c80000,0x00000000f2c80000,0x00000000f4e00000)
 ParOldGen       total 159232K, used 79440K [0x00000000a0000000, 0x00000000a9b80000, 0x00000000e0000000)
  object space 159232K, 49% used [0x00000000a0000000,0x00000000a4d94040,0x00000000a9b80000)
 Metaspace       used 71504K, capacity 74182K, committed 74264K, reserved 1114112K
  class space    used 9467K, capacity 9980K, committed 10016K, reserved 1048576K
Event: 19.029 GC heap after
Heap after GC invocations=25 (full 4):
 PSYoungGen      total 342016K, used 31307K [0x00000000e0000000, 0x00000000fb100000, 0x0000000100000000)
  eden space 307712K, 0% used [0x00000000e0000000,0x00000000e0000000,0x00000000f2c80000)
  from space 34304K, 91% used [0x00000000f2c80000,0x00000000f4b12cb8,0x00000000f4e00000)
  to   space 38400K, 0% used [0x00000000f8b80000,0x00000000f8b80000,0x00000000fb100000)
 ParOldGen       total 159232K, used 79440K [0x00000000a0000000, 0x00000000a9b80000, 0x00000000e0000000)
  object space 159232K, 49% used [0x00000000a0000000,0x00000000a4d94040,0x00000000a9b80000)
 Metaspace       used 71504K, capacity 74182K, committed 74264K, reserved 1114112K
  class space    used 9467K, capacity 9980K, committed 10016K, reserved 1048576K
}
Event: 19.908 GC heap before
{Heap before GC invocations=26 (full 4):
 PSYoungGen      total 342016K, used 339019K [0x00000000e0000000, 0x00000000fb100000, 0x0000000100000000)
  eden space 307712K, 100% used [0x00000000e0000000,0x00000000f2c80000,0x00000000f2c80000)
  from space 34304K, 91% used [0x00000000f2c80000,0x00000000f4b12cb8,0x00000000f4e00000)
  to   space 38400K, 0% used [0x00000000f8b80000,0x00000000f8b80000,0x00000000fb100000)
 ParOldGen       total 159232K, used 79440K [0x00000000a0000000, 0x00000000a9b80000, 0x00000000e0000000)
  object space 159232K, 49% used [0x00000000a0000000,0x00000000a4d94040,0x00000000a9b80000)
 Metaspace       used 71515K, capacity 74182K, committed 74264K, reserved 1114112K
  class space    used 9467K, capacity 9980K, committed 10016K, reserved 1048576K
Event: 20.031 GC heap after
Heap after GC invocations=26 (full 4):
 PSYoungGen      total 400384K, used 35431K [0x00000000e0000000, 0x00000000fc300000, 0x0000000100000000)
  eden space 361984K, 0% used [0x00000000e0000000,0x00000000e0000000,0x00000000f6180000)
  from space 38400K, 92% used [0x00000000f8b80000,0x00000000fae19fb0,0x00000000fb100000)
  to   space 43008K, 0% used [0x00000000f6180000,0x00000000f6180000,0x00000000f8b80000)
 ParOldGen       total 159232K, used 79440K [0x00000000a0000000, 0x00000000a9b80000, 0x00000000e0000000)
  object space 159232K, 49% used [0x00000000a0000000,0x00000000a4d94040,0x00000000a9b80000)
 Metaspace       used 71515K, capacity 74182K, committed 74264K, reserved 1114112K
  class space    used 9467K, capacity 9980K, committed 10016K, reserved 1048576K
}
Event: 21.146 GC heap before
{Heap before GC invocations=27 (full 4):
 PSYoungGen      total 400384K, used 397415K [0x00000000e0000000, 0x00000000fc300000, 0x0000000100000000)
  eden space 361984K, 100% used [0x00000000e0000000,0x00000000f6180000,0x00000000f6180000)
  from space 38400K, 92% used [0x00000000f8b80000,0x00000000fae19fb0,0x00000000fb100000)
  to   space 43008K, 0% used [0x00000000f6180000,0x00000000f6180000,0x00000000f8b80000)
 ParOldGen       total 159232K, used 79440K [0x00000000a0000000, 0x00000000a9b80000, 0x00000000e0000000)
  object space 159232K, 49% used [0x00000000a0000000,0x00000000a4d94040,0x00000000a9b80000)
 Metaspace       used 71632K, capacity 74334K, committed 74520K, reserved 1114112K
  class space    used 9475K, capacity 9982K, committed 10016K, reserved 1048576K

