# JRE version: OpenJDK Runtime Environment (8.0_152) (build 1.8.0_152-release-1343-b16-5323222)
# Java VM: OpenJDK 64-Bit Server VM (25.152-b16-5323222 mixed mode linux-amd64 compressed oops)
Heap:
 PSYoungGen      total 429568K, used 36192K [0x00000000e0000000, 0x00000000fd900000, 0x0000000100000000)
  eden space 381440K, 0% used [0x00000000e0000000,0x00000000e0000000,0x00000000f7480000)
  from space 48128K, 75% used [0x00000000f7480000,0x00000000f97d8020,0x00000000fa380000)
  to   space 42496K, 0% used [0x00000000fa380000,0x00000000fa380000,0x00000000fcd00000)
 ParOldGen       total 171008K, used 95008K [0x00000000a0000000, 0x00000000aa700000, 0x00000000e0000000)
  object space 171008K, 55% used [0x00000000a0000000,0x00000000a5cc80e8,0x00000000aa700000)
 Metaspace       used 71110K, capacity 73582K, committed 73880K, reserved 1114112K
  class space    used 9357K, capacity 9850K, committed 9904K, reserved 1048576K
GC Heap History (10 events):
Event: 18.146 GC heap after
Heap after GC invocations=24 (full 4):
 PSYoungGen      total 301056K, used 19456K [0x00000000e0000000, 0x00000000f4900000, 0x0000000100000000)
  eden space 271360K, 0% used [0x00000000e0000000,0x00000000e0000000,0x00000000f0900000)
  from space 29696K, 65% used [0x00000000f2700000,0x00000000f3a00020,0x00000000f4400000)
  to   space 30720K, 0% used [0x00000000f0900000,0x00000000f0900000,0x00000000f2700000)
 ParOldGen       total 171008K, used 85224K [0x00000000a0000000, 0x00000000aa700000, 0x00000000e0000000)
  object space 171008K, 49% used [0x00000000a0000000,0x00000000a533a0b8,0x00000000aa700000)
 Metaspace       used 69861K, capacity 72006K, committed 72472K, reserved 1112064K
  class space    used 9214K, capacity 9676K, committed 9776K, reserved 1048576K
}
Event: 18.977 GC heap before
{Heap before GC invocations=25 (full 4):
 PSYoungGen      total 301056K, used 290816K [0x00000000e0000000, 0x00000000f4900000, 0x0000000100000000)
  eden space 271360K, 100% used [0x00000000e0000000,0x00000000f0900000,0x00000000f0900000)
  from space 29696K, 65% used [0x00000000f2700000,0x00000000f3a00020,0x00000000f4400000)
  to   space 30720K, 0% used [0x00000000f0900000,0x00000000f0900000,0x00000000f2700000)
 ParOldGen       total 171008K, used 85224K [0x00000000a0000000, 0x00000000aa700000, 0x00000000e0000000)
  object space 171008K, 49% used [0x00000000a0000000,0x00000000a533a0b8,0x00000000aa700000)
 Metaspace       used 69872K, capacity 72006K, committed 72472K, reserved 1112064K
  class space    used 9214K, capacity 9676K, committed 9776K, reserved 1048576K
Event: 19.016 GC heap after
Heap after GC invocations=25 (full 4):
 PSYoungGen      total 302080K, used 25312K [0x00000000e0000000, 0x00000000f7d00000, 0x0000000100000000)
  eden space 271360K, 0% used [0x00000000e0000000,0x00000000e0000000,0x00000000f0900000)
  from space 30720K, 82% used [0x00000000f0900000,0x00000000f21b8020,0x00000000f2700000)
  to   space 33792K, 0% used [0x00000000f5c00000,0x00000000f5c00000,0x00000000f7d00000)
 ParOldGen       total 171008K, used 85232K [0x00000000a0000000, 0x00000000aa700000, 0x00000000e0000000)
  object space 171008K, 49% used [0x00000000a0000000,0x00000000a533c0b8,0x00000000aa700000)
 Metaspace       used 69872K, capacity 72006K, committed 72472K, reserved 1112064K
  class space    used 9214K, capacity 9676K, committed 9776K, reserved 1048576K
}
Event: 20.045 GC heap before
{Heap before GC invocations=26 (full 4):
 PSYoungGen      total 302080K, used 296672K [0x00000000e0000000, 0x00000000f7d00000, 0x0000000100000000)
  eden space 271360K, 100% used [0x00000000e0000000,0x00000000f0900000,0x00000000f0900000)
  from space 30720K, 82% used [0x00000000f0900000,0x00000000f21b8020,0x00000000f2700000)
  to   space 33792K, 0% used [0x00000000f5c00000,0x00000000f5c00000,0x00000000f7d00000)
 ParOldGen       total 171008K, used 85232K [0x00000000a0000000, 0x00000000aa700000, 0x00000000e0000000)
  object space 171008K, 49% used [0x00000000a0000000,0x00000000a533c0b8,0x00000000aa700000)
 Metaspace       used 70462K, capacity 72678K, committed 72984K, reserved 1112064K
  class space    used 9284K, capacity 9730K, committed 9776K, reserved 1048576K
Event: 20.120 GC heap after
Heap after GC invocations=26 (full 4):
 PSYoungGen      total 352256K, used 30460K [0x00000000e0000000, 0x00000000f8a00000, 0x0000000100000000)
  eden space 318464K, 0% used [0x00000000e0000000,0x00000000e0000000,0x00000000f3700000)
  from space 33792K, 90% used [0x00000000f5c00000,0x00000000f79bf130,0x00000000f7d00000)
  to   space 37888K, 0% used [0x00000000f3700000,0x00000000f3700000,0x00000000f5c00000)
 ParOldGen       total 171008K, used 85240K [0x00000000a0000000, 0x00000000aa700000, 0x00000000e0000000)
  object space 171008K, 49% used [0x00000000a0000000,0x00000000a533e0b8,0x00000000aa700000)
 Metaspace       used 70462K, capacity 72678K, committed 72984K, reserved 1112064K
  class space    used 9284K, capacity 9730K, committed 9776K, reserved 1048576K
}
Event: 21.305 GC heap before
{Heap before GC invocations=27 (full 4):
 PSYoungGen      total 352256K, used 348924K [0x00000000e0000000, 0x00000000f8a00000, 0x0000000100000000)
  eden space 318464K, 100% used [0x00000000e0000000,0x00000000f3700000,0x00000000f3700000)
  from space 33792K, 90% used [0x00000000f5c00000,0x00000000f79bf130,0x00000000f7d00000)
  to   space 37888K, 0% used [0x00000000f3700000,0x00000000f3700000,0x00000000f5c00000)
 ParOldGen       total 171008K, used 85240K [0x00000000a0000000, 0x00000000aa700000, 0x00000000e0000000)
  object space 171008K, 49% used [0x00000000a0000000,0x00000000a533e0b8,0x00000000aa700000)
 Metaspace       used 71094K, capacity 73514K, committed 73624K, reserved 1114112K
  class space    used 9357K, capacity 9850K, committed 9904K, reserved 1048576K
Event: 21.378 GC heap after
Heap after GC invocations=27 (full 4):
 PSYoungGen      total 356352K, used 33734K [0x00000000e0000000, 0x00000000fcd00000, 0x0000000100000000)
  eden space 318464K, 0% used [0x00000000e0000000,0x00000000e0000000,0x00000000f3700000)
  from space 37888K, 89% used [0x00000000f3700000,0x00000000f57f19c8,0x00000000f5c00000)
  to   space 42496K, 0% used [0x00000000fa380000,0x00000000fa380000,0x00000000fcd00000)
 ParOldGen       total 171008K, used 85248K [0x00000000a0000000, 0x00000000aa700000, 0x00000000e0000000)
  object space 171008K, 49% used [0x00000000a0000000,0x00000000a53400b8,0x00000000aa700000)
 Metaspace       used 71094K, capacity 73514K, committed 73624K, reserved 1114112K
  class space    used 9357K, capacity 9850K, committed 9904K, reserved 1048576K
}
Event: 22.571 GC heap before
{Heap before GC invocations=28 (full 4):
 PSYoungGen      total 356352K, used 352198K [0x00000000e0000000, 0x00000000fcd00000, 0x0000000100000000)
  eden space 318464K, 100% used [0x00000000e0000000,0x00000000f3700000,0x00000000f3700000)
  from space 37888K, 89% used [0x00000000f3700000,0x00000000f57f19c8,0x00000000f5c00000)
  to   space 42496K, 0% used [0x00000000fa380000,0x00000000fa380000,0x00000000fcd00000)
 ParOldGen       total 171008K, used 85248K [0x00000000a0000000, 0x00000000aa700000, 0x00000000e0000000)
  object space 171008K, 49% used [0x00000000a0000000,0x00000000a53400b8,0x00000000aa700000)
 Metaspace       used 71103K, capacity 73582K, committed 73880K, reserved 1114112K
  class space    used 9357K, capacity 9850K, committed 9904K, reserved 1048576K
Event: 22.638 GC heap after
Heap after GC invocations=28 (full 4):
 PSYoungGen      total 423936K, used 39168K [0x00000000e0000000, 0x00000000fd900000, 0x0000000100000000)
  eden space 381440K, 0% used [0x00000000e0000000,0x00000000e0000000,0x00000000f7480000)
  from space 42496K, 92% used [0x00000000fa380000,0x00000000fc9c0020,0x00000000fcd00000)
  to   space 48128K, 0% used [0x00000000f7480000,0x00000000f7480000,0x00000000fa380000)
 ParOldGen       total 171008K, used 87944K [0x00000000a0000000, 0x00000000aa700000, 0x00000000e0000000)
  object space 171008K, 51% used [0x00000000a0000000,0x00000000a55e20c8,0x00000000aa700000)
 Metaspace       used 71103K, capacity 73582K, committed 73880K, reserved 1114112K
  class space    used 9357K, capacity 9850K, committed 9904K, reserved 1048576K
}
Event: 23.895 GC heap before
{Heap before GC invocations=29 (full 4):
 PSYoungGen      total 423936K, used 420608K [0x00000000e0000000, 0x00000000fd900000, 0x0000000100000000)
  eden space 381440K, 100% used [0x00000000e0000000,0x00000000f7480000,0x00000000f7480000)
  from space 42496K, 92% used [0x00000000fa380000,0x00000000fc9c0020,0x00000000fcd00000)
  to   space 48128K, 0% used [0x00000000f7480000,0x00000000f7480000,0x00000000fa380000)
 ParOldGen       total 171008K, used 87944K [0x00000000a0000000, 0x00000000aa700000, 0x00000000e0000000)
  object space 171008K, 51% used [0x00000000a0000000,0x00000000a55e20c8,0x00000000aa700000)
 Metaspace       used 71110K, capacity 73582K, committed 73880K, reserved 1114112K
  class space    used 9357K, capacity 9850K, committed 9904K, reserved 1048576K

