# JRE version: OpenJDK Runtime Environment (8.0_152) (build 1.8.0_152-release-1343-b16-5323222)
# Java VM: OpenJDK 64-Bit Server VM (25.152-b16-5323222 mixed mode linux-amd64 compressed oops)
Heap:
 PSYoungGen      total 351232K, used 35378K [0x00000000e0000000, 0x00000000fad80000, 0x0000000100000000)
  eden space 307712K, 0% used [0x00000000e0000000,0x00000000e0000000,0x00000000f2c80000)
  from space 43520K, 81% used [0x00000000f8300000,0x00000000fa58c8e8,0x00000000fad80000)
  to   space 43008K, 0% used [0x00000000f2c80000,0x00000000f2c80000,0x00000000f5680000)
 ParOldGen       total 184832K, used 89596K [0x00000000a0000000, 0x00000000ab480000, 0x00000000e0000000)
  object space 184832K, 48% used [0x00000000a0000000,0x00000000a577f0c0,0x00000000ab480000)
 Metaspace       used 86944K, capacity 89874K, committed 89944K, reserved 1128448K
  class space    used 10991K, capacity 11592K, committed 11648K, reserved 1048576K
GC Heap History (10 events):
Event: 26.738 GC heap after
Heap after GC invocations=25 (full 4):
 PSYoungGen      total 277504K, used 12519K [0x00000000e0000000, 0x00000000f5c00000, 0x0000000100000000)
  eden space 226304K, 0% used [0x00000000e0000000,0x00000000e0000000,0x00000000edd00000)
  from space 51200K, 24% used [0x00000000edd00000,0x00000000ee939e28,0x00000000f0f00000)
  to   space 48640K, 0% used [0x00000000f2c80000,0x00000000f2c80000,0x00000000f5c00000)
 ParOldGen       total 184832K, used 89564K [0x00000000a0000000, 0x00000000ab480000, 0x00000000e0000000)
  object space 184832K, 48% used [0x00000000a0000000,0x00000000a57770c0,0x00000000ab480000)
 Metaspace       used 86333K, capacity 89188K, committed 89432K, reserved 1126400K
  class space    used 10956K, capacity 11539K, committed 11648K, reserved 1048576K
}
Event: 27.412 GC heap before
{Heap before GC invocations=26 (full 4):
 PSYoungGen      total 277504K, used 238823K [0x00000000e0000000, 0x00000000f5c00000, 0x0000000100000000)
  eden space 226304K, 100% used [0x00000000e0000000,0x00000000edd00000,0x00000000edd00000)
  from space 51200K, 24% used [0x00000000edd00000,0x00000000ee939e28,0x00000000f0f00000)
  to   space 48640K, 0% used [0x00000000f2c80000,0x00000000f2c80000,0x00000000f5c00000)
 ParOldGen       total 184832K, used 89564K [0x00000000a0000000, 0x00000000ab480000, 0x00000000e0000000)
  object space 184832K, 48% used [0x00000000a0000000,0x00000000a57770c0,0x00000000ab480000)
 Metaspace       used 86676K, capacity 89606K, committed 89944K, reserved 1128448K
  class space    used 10983K, capacity 11580K, committed 11648K, reserved 1048576K
Event: 27.446 GC heap after
Heap after GC invocations=26 (full 4):
 PSYoungGen      total 309760K, used 19938K [0x00000000e0000000, 0x00000000f5d80000, 0x0000000100000000)
  eden space 261120K, 0% used [0x00000000e0000000,0x00000000e0000000,0x00000000eff00000)
  from space 48640K, 40% used [0x00000000f2c80000,0x00000000f3ff88f8,0x00000000f5c00000)
  to   space 46592K, 0% used [0x00000000eff00000,0x00000000eff00000,0x00000000f2c80000)
 ParOldGen       total 184832K, used 89572K [0x00000000a0000000, 0x00000000ab480000, 0x00000000e0000000)
  object space 184832K, 48% used [0x00000000a0000000,0x00000000a57790c0,0x00000000ab480000)
 Metaspace       used 86676K, capacity 89606K, committed 89944K, reserved 1128448K
  class space    used 10983K, capacity 11580K, committed 11648K, reserved 1048576K
}
Event: 28.182 GC heap before
{Heap before GC invocations=27 (full 4):
 PSYoungGen      total 309760K, used 281058K [0x00000000e0000000, 0x00000000f5d80000, 0x0000000100000000)
  eden space 261120K, 100% used [0x00000000e0000000,0x00000000eff00000,0x00000000eff00000)
  from space 48640K, 40% used [0x00000000f2c80000,0x00000000f3ff88f8,0x00000000f5c00000)
  to   space 46592K, 0% used [0x00000000eff00000,0x00000000eff00000,0x00000000f2c80000)
 ParOldGen       total 184832K, used 89572K [0x00000000a0000000, 0x00000000ab480000, 0x00000000e0000000)
  object space 184832K, 48% used [0x00000000a0000000,0x00000000a57790c0,0x00000000ab480000)
 Metaspace       used 86848K, capacity 89746K, committed 89944K, reserved 1128448K
  class space    used 10991K, capacity 11592K, committed 11648K, reserved 1048576K
Event: 28.207 GC heap after
Heap after GC invocations=27 (full 4):
 PSYoungGen      total 307712K, used 18674K [0x00000000e0000000, 0x00000000f8180000, 0x0000000100000000)
  eden space 261120K, 0% used [0x00000000e0000000,0x00000000e0000000,0x00000000eff00000)
  from space 46592K, 40% used [0x00000000eff00000,0x00000000f113c8e8,0x00000000f2c80000)
  to   space 44032K, 0% used [0x00000000f5680000,0x00000000f5680000,0x00000000f8180000)
 ParOldGen       total 184832K, used 89580K [0x00000000a0000000, 0x00000000ab480000, 0x00000000e0000000)
  object space 184832K, 48% used [0x00000000a0000000,0x00000000a577b0c0,0x00000000ab480000)
 Metaspace       used 86848K, capacity 89746K, committed 89944K, reserved 1128448K
  class space    used 10991K, capacity 11592K, committed 11648K, reserved 1048576K
}
Event: 29.014 GC heap before
{Heap before GC invocations=28 (full 4):
 PSYoungGen      total 307712K, used 279794K [0x00000000e0000000, 0x00000000f8180000, 0x0000000100000000)
  eden space 261120K, 100% used [0x00000000e0000000,0x00000000eff00000,0x00000000eff00000)
  from space 46592K, 40% used [0x00000000eff00000,0x00000000f113c8e8,0x00000000f2c80000)
  to   space 44032K, 0% used [0x00000000f5680000,0x00000000f5680000,0x00000000f8180000)
 ParOldGen       total 184832K, used 89580K [0x00000000a0000000, 0x00000000ab480000, 0x00000000e0000000)
  object space 184832K, 48% used [0x00000000a0000000,0x00000000a577b0c0,0x00000000ab480000)
 Metaspace       used 86888K, capacity 89810K, committed 89944K, reserved 1128448K
  class space    used 10991K, capacity 11592K, committed 11648K, reserved 1048576K
Event: 29.044 GC heap after
Heap after GC invocations=28 (full 4):
 PSYoungGen      total 351232K, used 21122K [0x00000000e0000000, 0x00000000f8100000, 0x0000000100000000)
  eden space 307712K, 0% used [0x00000000e0000000,0x00000000e0000000,0x00000000f2c80000)
  from space 43520K, 48% used [0x00000000f5680000,0x00000000f6b208f8,0x00000000f8100000)
  to   space 43008K, 0% used [0x00000000f2c80000,0x00000000f2c80000,0x00000000f5680000)
 ParOldGen       total 184832K, used 89588K [0x00000000a0000000, 0x00000000ab480000, 0x00000000e0000000)
  object space 184832K, 48% used [0x00000000a0000000,0x00000000a577d0c0,0x00000000ab480000)
 Metaspace       used 86888K, capacity 89810K, committed 89944K, reserved 1128448K
  class space    used 10991K, capacity 11592K, committed 11648K, reserved 1048576K
}
Event: 29.861 GC heap before
{Heap before GC invocations=29 (full 4):
 PSYoungGen      total 351232K, used 328834K [0x00000000e0000000, 0x00000000f8100000, 0x0000000100000000)
  eden space 307712K, 100% used [0x00000000e0000000,0x00000000f2c80000,0x00000000f2c80000)
  from space 43520K, 48% used [0x00000000f5680000,0x00000000f6b208f8,0x00000000f8100000)
  to   space 43008K, 0% used [0x00000000f2c80000,0x00000000f2c80000,0x00000000f5680000)
 ParOldGen       total 184832K, used 89588K [0x00000000a0000000, 0x00000000ab480000, 0x00000000e0000000)
  object space 184832K, 48% used [0x00000000a0000000,0x00000000a577d0c0,0x00000000ab480000)
 Metaspace       used 86918K, capacity 89810K, committed 89944K, reserved 1128448K
  class space    used 10991K, capacity 11592K, committed 11648K, reserved 1048576K
Event: 29.915 GC heap after
Heap after GC invocations=29 (full 4):
 PSYoungGen      total 350720K, used 26978K [0x00000000e0000000, 0x00000000fad80000, 0x0000000100000000)
  eden space 307712K, 0% used [0x00000000e0000000,0x00000000e0000000,0x00000000f2c80000)
  from space 43008K, 62% used [0x00000000f2c80000,0x00000000f46d88d8,0x00000000f5680000)
  to   space 43520K, 0% used [0x00000000f8300000,0x00000000f8300000,0x00000000fad80000)
 ParOldGen       total 184832K, used 89588K [0x00000000a0000000, 0x00000000ab480000, 0x00000000e0000000)
  object space 184832K, 48% used [0x00000000a0000000,0x00000000a577d0c0,0x00000000ab480000)
 Metaspace       used 86918K, capacity 89810K, committed 89944K, reserved 1128448K
  class space    used 10991K, capacity 11592K, committed 11648K, reserved 1048576K
}
Event: 31.391 GC heap before
{Heap before GC invocations=30 (full 4):
 PSYoungGen      total 350720K, used 334690K [0x00000000e0000000, 0x00000000fad80000, 0x0000000100000000)
  eden space 307712K, 100% used [0x00000000e0000000,0x00000000f2c80000,0x00000000f2c80000)
  from space 43008K, 62% used [0x00000000f2c80000,0x00000000f46d88d8,0x00000000f5680000)
  to   space 43520K, 0% used [0x00000000f8300000,0x00000000f8300000,0x00000000fad80000)
 ParOldGen       total 184832K, used 89588K [0x00000000a0000000, 0x00000000ab480000, 0x00000000e0000000)
  object space 184832K, 48% used [0x00000000a0000000,0x00000000a577d0c0,0x00000000ab480000)
 Metaspace       used 86944K, capacity 89874K, committed 89944K, reserved 1128448K
  class space    used 10991K, capacity 11592K, committed 11648K, reserved 1048576K

